<?xml version="1.0" encoding="UTF-8"?>
<!-- Generated by org.testng.reporters.JUnitReportReporter -->
<testsuite hostname="DEEPAKBELLODI" name="com.company.ActitimeHybrid.TimeTrackPageTest" tests="4" failures="0" timestamp="28 Aug 2020 06:18:56 GMT" time="160.469" errors="0">
  <testcase name="checkTaskLinkisWorking" time="46.961" classname="com.company.ActitimeHybrid.TimeTrackPageTest"/>
  <testcase name="taskCreated" time="30.523" classname="com.company.ActitimeHybrid.TimeTrackPageTest"/>
  <testcase name="timeTrackPageLogoutLinkPresent" time="33.786" classname="com.company.ActitimeHybrid.TimeTrackPageTest"/>
  <testcase name="createNewTask" time="49.199" classname="com.company.ActitimeHybrid.TimeTrackPageTest"/>
</testsuite> <!-- com.company.ActitimeHybrid.TimeTrackPageTest -->
